生成启动时间为 2018/7/23 23:13:16。
     1>项目“E:\Code\LintCode!\LintCode!\LintCode!.vcxproj”在节点 2 上(Build 个目标)。
     1>ClCompile:
         D:\编程相关软件\VS2012\VC\bin\CL.exe /c /ZI /nologo /W3 /WX- /Od /Oy- /D WIN32 /D _DEBUG /D _CONSOLE /D _UNICODE /D UNICODE /Gm /EHsc /RTC1 /MDd /GS /fp:precise /Zc:wchar_t /Zc:forScope /Fo"Debug\\" /Fd"Debug\vc110.pdb" /Gd /TP /analyze- /errorReport:prompt "3. 统计数字.cpp"
         3. 统计数字.cpp
       Link:
         D:\编程相关软件\VS2012\VC\bin\link.exe /ERRORREPORT:PROMPT /OUT:"E:\Code\LintCode!\Debug\LintCode!.exe" /INCREMENTAL /NOLOGO kernel32.lib user32.lib gdi32.lib winspool.lib comdlg32.lib advapi32.lib shell32.lib ole32.lib oleaut32.lib uuid.lib odbc32.lib odbccp32.lib /MANIFEST /MANIFESTUAC:"level='asInvoker' uiAccess='false'" /manifest:embed /DEBUG /PDB:"E:\Code\LintCode!\Debug\LintCode!.pdb" /SUBSYSTEM:CONSOLE /TLBID:1 /DYNAMICBASE /NXCOMPAT /IMPLIB:"E:\Code\LintCode!\Debug\LintCode!.lib" /MACHINE:X86 "Debug\1. a+b.obj"
         "Debug\12. 带有最小值操作的栈.obj"
         "Debug\13. Implement strStr().obj"
         "Debug\14. 二分查找.obj"
         "Debug\2. 尾部的0.obj"
         "Debug\28. 搜索二维矩阵.obj"
         "Debug\3. 统计数字.obj"
         "Debug\30. 插入区间.obj"
         "Debug\35. 翻转链表.obj"
         "Debug\5. 第K大的数.obj"
         "Debug\6. 合并排序数组II.obj"
         "Debug\876. 连接字符串.obj"
         "Debug\9. Fizz Buzz 问题.obj"
         "Debug\8. 旋转字符串.obj"
         "Debug\22. 平面列表.obj"
         LintCode!.vcxproj -> E:\Code\LintCode!\Debug\LintCode!.exe
     1>已完成生成项目“E:\Code\LintCode!\LintCode!\LintCode!.vcxproj”(Build 个目标)的操作。

生成成功。

已用时间 00:00:01.43
