C:\USERS\ADMINISTRATOR\DESKTOP\LINTCODE!\LINTCODE!\DEBUG\1. A+B.OBJ
C:\USERS\ADMINISTRATOR\DESKTOP\LINTCODE!\LINTCODE!\DEBUG\13. IMPLEMENT STRSTR().OBJ
C:\USERS\ADMINISTRATOR\DESKTOP\LINTCODE!\LINTCODE!\DEBUG\14. 二分查找.OBJ
C:\USERS\ADMINISTRATOR\DESKTOP\LINTCODE!\LINTCODE!\DEBUG\2. 尾部的0.OBJ
C:\USERS\ADMINISTRATOR\DESKTOP\LINTCODE!\LINTCODE!\DEBUG\28. 搜索二维矩阵.OBJ
C:\USERS\ADMINISTRATOR\DESKTOP\LINTCODE!\LINTCODE!\DEBUG\30. 插入区间.OBJ
C:\USERS\ADMINISTRATOR\DESKTOP\LINTCODE!\LINTCODE!\DEBUG\6. 合并排序数组II.OBJ
C:\USERS\ADMINISTRATOR\DESKTOP\LINTCODE!\LINTCODE!\DEBUG\876. 连接字符串.OBJ
C:\USERS\ADMINISTRATOR\DESKTOP\LINTCODE!\LINTCODE!\DEBUG\9. FIZZ BUZZ 问题.OBJ
C:\USERS\ADMINISTRATOR\DESKTOP\LINTCODE!\LINTCODE!\DEBUG\8. 旋转字符串.OBJ
C:\USERS\ADMINISTRATOR\DESKTOP\LINTCODE!\LINTCODE!\DEBUG\平面列表.OBJ
C:\USERS\ADMINISTRATOR\DESKTOP\LINTCODE!\LINTCODE!\DEBUG\VC110.PDB
C:\USERS\ADMINISTRATOR\DESKTOP\LINTCODE!\DEBUG\LINTCODE!.ILK
C:\USERS\ADMINISTRATOR\DESKTOP\LINTCODE!\DEBUG\LINTCODE!.EXE
C:\USERS\ADMINISTRATOR\DESKTOP\LINTCODE!\DEBUG\LINTCODE!.PDB
C:\Users\Administrator\Desktop\LintCode!\LintCode!\Debug\1. a+b.obj
C:\Users\Administrator\Desktop\LintCode!\LintCode!\Debug\13. Implement strStr().obj
C:\Users\Administrator\Desktop\LintCode!\LintCode!\Debug\14. 二分查找.obj
C:\Users\Administrator\Desktop\LintCode!\LintCode!\Debug\2. 尾部的0.obj
C:\Users\Administrator\Desktop\LintCode!\LintCode!\Debug\28. 搜索二维矩阵.obj
C:\Users\Administrator\Desktop\LintCode!\LintCode!\Debug\30. 插入区间.obj
C:\Users\Administrator\Desktop\LintCode!\LintCode!\Debug\6. 合并排序数组II.obj
C:\Users\Administrator\Desktop\LintCode!\LintCode!\Debug\8. 旋转字符串.obj
C:\Users\Administrator\Desktop\LintCode!\LintCode!\Debug\876. 连接字符串.obj
C:\Users\Administrator\Desktop\LintCode!\LintCode!\Debug\9. Fizz Buzz 问题.obj
C:\Users\Administrator\Desktop\LintCode!\LintCode!\Debug\平面列表.obj
C:\Users\Administrator\Desktop\LintCode!\LintCode!\Debug\cl.command.1.tlog
C:\Users\Administrator\Desktop\LintCode!\LintCode!\Debug\CL.read.1.tlog
C:\Users\Administrator\Desktop\LintCode!\LintCode!\Debug\CL.write.1.tlog
C:\Users\Administrator\Desktop\LintCode!\LintCode!\Debug\link-cvtres.read.1.tlog
C:\Users\Administrator\Desktop\LintCode!\LintCode!\Debug\link-cvtres.write.1.tlog
C:\Users\Administrator\Desktop\LintCode!\LintCode!\Debug\link-rc.read.1.tlog
C:\Users\Administrator\Desktop\LintCode!\LintCode!\Debug\link-rc.write.1.tlog
C:\Users\Administrator\Desktop\LintCode!\LintCode!\Debug\link.2696-cvtres.read.1.tlog
C:\Users\Administrator\Desktop\LintCode!\LintCode!\Debug\link.2696-cvtres.write.1.tlog
C:\Users\Administrator\Desktop\LintCode!\LintCode!\Debug\link.2696-rc.read.1.tlog
C:\Users\Administrator\Desktop\LintCode!\LintCode!\Debug\link.2696-rc.write.1.tlog
C:\Users\Administrator\Desktop\LintCode!\LintCode!\Debug\link.2696.read.1.tlog
C:\Users\Administrator\Desktop\LintCode!\LintCode!\Debug\link.2696.write.1.tlog
C:\Users\Administrator\Desktop\LintCode!\LintCode!\Debug\link.2760-cvtres.read.1.tlog
C:\Users\Administrator\Desktop\LintCode!\LintCode!\Debug\link.2760-cvtres.write.1.tlog
C:\Users\Administrator\Desktop\LintCode!\LintCode!\Debug\link.2760-rc.read.1.tlog
C:\Users\Administrator\Desktop\LintCode!\LintCode!\Debug\link.2760-rc.write.1.tlog
C:\Users\Administrator\Desktop\LintCode!\LintCode!\Debug\link.2760.read.1.tlog
C:\Users\Administrator\Desktop\LintCode!\LintCode!\Debug\link.2760.write.1.tlog
C:\Users\Administrator\Desktop\LintCode!\LintCode!\Debug\link.3824-cvtres.read.1.tlog
C:\Users\Administrator\Desktop\LintCode!\LintCode!\Debug\link.3824-cvtres.write.1.tlog
C:\Users\Administrator\Desktop\LintCode!\LintCode!\Debug\link.3824-rc.read.1.tlog
C:\Users\Administrator\Desktop\LintCode!\LintCode!\Debug\link.3824-rc.write.1.tlog
C:\Users\Administrator\Desktop\LintCode!\LintCode!\Debug\link.3824.read.1.tlog
C:\Users\Administrator\Desktop\LintCode!\LintCode!\Debug\link.3824.write.1.tlog
C:\Users\Administrator\Desktop\LintCode!\LintCode!\Debug\link.6308-cvtres.read.1.tlog
C:\Users\Administrator\Desktop\LintCode!\LintCode!\Debug\link.6308-cvtres.write.1.tlog
C:\Users\Administrator\Desktop\LintCode!\LintCode!\Debug\link.6308-rc.read.1.tlog
C:\Users\Administrator\Desktop\LintCode!\LintCode!\Debug\link.6308-rc.write.1.tlog
C:\Users\Administrator\Desktop\LintCode!\LintCode!\Debug\link.6308.read.1.tlog
C:\Users\Administrator\Desktop\LintCode!\LintCode!\Debug\link.6308.write.1.tlog
C:\Users\Administrator\Desktop\LintCode!\LintCode!\Debug\link.6440-cvtres.read.1.tlog
C:\Users\Administrator\Desktop\LintCode!\LintCode!\Debug\link.6440-cvtres.write.1.tlog
C:\Users\Administrator\Desktop\LintCode!\LintCode!\Debug\link.6440-rc.read.1.tlog
C:\Users\Administrator\Desktop\LintCode!\LintCode!\Debug\link.6440-rc.write.1.tlog
C:\Users\Administrator\Desktop\LintCode!\LintCode!\Debug\link.6440.read.1.tlog
C:\Users\Administrator\Desktop\LintCode!\LintCode!\Debug\link.6440.write.1.tlog
C:\Users\Administrator\Desktop\LintCode!\LintCode!\Debug\link.7812-cvtres.read.1.tlog
C:\Users\Administrator\Desktop\LintCode!\LintCode!\Debug\link.7812-cvtres.write.1.tlog
C:\Users\Administrator\Desktop\LintCode!\LintCode!\Debug\link.7812-rc.read.1.tlog
C:\Users\Administrator\Desktop\LintCode!\LintCode!\Debug\link.7812-rc.write.1.tlog
C:\Users\Administrator\Desktop\LintCode!\LintCode!\Debug\link.7812.read.1.tlog
C:\Users\Administrator\Desktop\LintCode!\LintCode!\Debug\link.7812.write.1.tlog
C:\Users\Administrator\Desktop\LintCode!\LintCode!\Debug\link.8704-cvtres.read.1.tlog
C:\Users\Administrator\Desktop\LintCode!\LintCode!\Debug\link.8704-cvtres.write.1.tlog
C:\Users\Administrator\Desktop\LintCode!\LintCode!\Debug\link.8704-rc.read.1.tlog
C:\Users\Administrator\Desktop\LintCode!\LintCode!\Debug\link.8704-rc.write.1.tlog
C:\Users\Administrator\Desktop\LintCode!\LintCode!\Debug\link.8704.read.1.tlog
C:\Users\Administrator\Desktop\LintCode!\LintCode!\Debug\link.8704.write.1.tlog
C:\Users\Administrator\Desktop\LintCode!\LintCode!\Debug\link.command.1.tlog
C:\Users\Administrator\Desktop\LintCode!\LintCode!\Debug\link.read.1.tlog
C:\Users\Administrator\Desktop\LintCode!\LintCode!\Debug\link.write.1.tlog
C:\Users\Administrator\Desktop\LintCode!\LintCode!\Debug\vc110.idb
C:\Users\Administrator\Desktop\LintCode!\LintCode!\Debug\vc110.pdb
C:\Users\Administrator\Desktop\LintCode!\Debug\LintCode!.pdb
C:\Users\Administrator\Desktop\LintCode!\Debug\LintCode!.exe
C:\Users\Administrator\Desktop\LintCode!\Debug\LintCode!.ilk
